This is LuaTeX, Version 1.0.4 (MiKTeX 2.9.6350 64-bit)  (format=lualatex 2020.7.12)  30 SEP 2021 18:07
 restricted system commands enabled.
**document.tex
(./document.tex
LaTeX2e <2017-04-15>
Lua module: luaotfload-main 2017/01/29 2.80001 OpenType layout system.
Lua module: lualibs 2017-02-01 2.5 ConTeXt Lua standard libraries.
Lua module: lualibs-extended 2017-02-01 2.5 ConTeXt Lua libraries -- extended co
llection.(using cache: C:/Users/pc1/AppData/Local/MiKTeX/2.9/luatex-cache/generi
c)
luaotfload | conf : Root cache directory is C:/Users/pc1/AppData/Local/MiKTeX/2.
9/luatex-cache/generic/names.
luaotfload | init : Loading fontloader “fontloader-2017-02-11.lua” from kpse
-resolved path “C:/Users/pc1/AppData/Local/Programs/MiKTeX 2.9/tex/luatex/luao
tfload/fontloader-2017-02-11.lua”.
Lua-only attribute luaotfload@state = 1
Lua-only attribute luaotfload@noligature = 2
Lua-only attribute luaotfload@syllabe = 3
luaotfload | init : Context OpenType loader version “3.027”
Inserting `luaotfload.node_processor' at position 1 in `pre_linebreak_filter'.
Inserting `luaotfload.node_processor' at position 1 in `hpack_filter'.
Inserting `luaotfload.define_font' at position 1 in `define_font'.
Lua-only attribute luaotfload_color_attribute = 4
luaotfload | conf : Root cache directory is C:/Users/pc1/AppData/Local/MiKTeX/2.
9/luatex-cache/generic/names.
Inserting `luaotfload.aux.set_sscale_dimens' at position 1 in `luaotfload.patch_
font'.
Inserting `luaotfload.aux.patch_cambria_domh' at position 2 in `luaotfload.patch
_font'.
Inserting `luaotfload.aux.fixup_fontdata' at position 1 in `luaotfload.patch_fon
t_unsafe'.
Inserting `luaotfload.aux.set_capheight' at position 3 in `luaotfload.patch_font
'.
Inserting `luaotfload.rewrite_fontname' at position 4 in `luaotfload.patch_font'
.
luaotfload | main : initialization completed in 0.886 seconds
Babel <3.10> and hyphenation patterns for 1 language(s) loaded.
("C:/Users/pc1/AppData/Local/Programs/MiKTeX 2.9/tex/latex/base/article.cls"
Document Class: article 2014/09/29 v1.4h Standard LaTeX document class
("C:/Users/pc1/AppData/Local/Programs/MiKTeX 2.9/tex/latex/base/size10.clo"
File: size10.clo 2014/09/29 v1.4h Standard LaTeX file (size option)
luaotfload | db : Font names database loaded from C:/Users/pc1/AppData/Local/MiK
TeX/2.9/luatex-cache/generic/names/luaotfload-names.luc(load luc: C:/Users/pc1/A
ppData/Local/MiKTeX/2.9/luatex-cache/generic/fonts/otl/lmroman10-regular.luc))
\c@part=\count79
\c@section=\count80
\c@subsection=\count81
\c@subsubsection=\count82
\c@paragraph=\count83
\c@subparagraph=\count84
\c@figure=\count85
\c@table=\count86
\abovecaptionskip=\skip41
\belowcaptionskip=\skip42
\bibindent=\dimen102
)
("C:/Users/pc1/AppData/Local/Programs/MiKTeX 2.9/tex/latex/amsfonts/amssymb.sty
"
Package: amssymb 2013/01/14 v3.01 AMS font symbols

("C:/Users/pc1/AppData/Local/Programs/MiKTeX 2.9/tex/latex/amsfonts/amsfonts.st
y"
Package: amsfonts 2013/01/14 v3.01 Basic AMSFonts support
\@emptytoks=\toks14
\symAMSa=\mathgroup4
\symAMSb=\mathgroup5
LaTeX Font Info:    Overwriting math alphabet `\mathfrak' in version `bold'
(Font)                  U/euf/m/n --> U/euf/b/n on input line 106.
))
("C:/Users/pc1/AppData/Local/Programs/MiKTeX 2.9/tex/latex/amsmath/amsmath.sty"
Package: amsmath 2016/11/05 v2.16a AMS math features
\@mathmargin=\skip43
For additional information on amsmath, use the `?' option.
("C:/Users/pc1/AppData/Local/Programs/MiKTeX 2.9/tex/latex/amsmath/amstext.sty"
Package: amstext 2000/06/29 v2.01 AMS text
("C:/Users/pc1/AppData/Local/Programs/MiKTeX 2.9/tex/latex/amsmath/amsgen.sty"
File: amsgen.sty 1999/11/30 v2.0 generic functions
\@emptytoks=\toks15
\ex@=\dimen103
)) ("C:/Users/pc1/AppData/Local/Programs/MiKTeX 2.9/tex/latex/amsmath/amsbsy.st
y"
Package: amsbsy 1999/11/29 v1.2d Bold Symbols
\pmbraise@=\dimen104
) ("C:/Users/pc1/AppData/Local/Programs/MiKTeX 2.9/tex/latex/amsmath/amsopn.sty
"
Package: amsopn 2016/03/08 v2.02 operator names
)
\inf@bad=\count87
LaTeX Info: Redefining \frac on input line 213.
\uproot@=\count88
\leftroot@=\count89
LaTeX Info: Redefining \overline on input line 375.
\classnum@=\count90
\DOTSCASE@=\count91
LaTeX Info: Redefining \ldots on input line 472.
LaTeX Info: Redefining \dots on input line 475.
LaTeX Info: Redefining \cdots on input line 596.
\Mathstrutbox@=\box26
\strutbox@=\box27
\big@size=\dimen105
LaTeX Font Info:    Redeclaring font encoding OML on input line 712.
LaTeX Font Info:    Redeclaring font encoding OMS on input line 713.
\macc@depth=\count92
\c@MaxMatrixCols=\count93
\dotsspace@=\muskip10
\c@parentequation=\count94
\dspbrk@lvl=\count95
\tag@help=\toks16
\row@=\count96
\column@=\count97
\maxfields@=\count98
\andhelp@=\toks17
\eqnshift@=\dimen106
\alignsep@=\dimen107
\tagshift@=\dimen108
\tagwidth@=\dimen109
\totwidth@=\dimen110
\lineht@=\dimen111
\@envbody=\toks18
\multlinegap=\skip44
\multlinetaggap=\skip45
\mathdisplay@stack=\toks19
LaTeX Info: Redefining \[ on input line 2817.
LaTeX Info: Redefining \] on input line 2818.
)
("C:/Users/pc1/AppData/Local/Programs/MiKTeX 2.9/tex/latex/graphics/graphicx.st
y"
Package: graphicx 2014/10/28 v1.0g Enhanced LaTeX Graphics (DPC,SPQR)

("C:/Users/pc1/AppData/Local/Programs/MiKTeX 2.9/tex/latex/graphics/keyval.sty"
Package: keyval 2014/10/28 v1.15 key=value parser (DPC)
\KV@toks@=\toks20
)
("C:/Users/pc1/AppData/Local/Programs/MiKTeX 2.9/tex/latex/graphics/graphics.st
y"
Package: graphics 2017/04/14 v1.1b Standard LaTeX Graphics (DPC,SPQR)
 ("C:/Users/pc1/AppData/Local/Programs/MiKTeX 2.9/tex/latex/graphics/trig.sty"
Package: trig 2016/01/03 v1.10 sin cos tan (DPC)
)
("C:/Users/pc1/AppData/Local/Programs/MiKTeX 2.9/tex/latex/graphics-cfg/graphic
s.cfg"
File: graphics.cfg 2016/06/04 v1.11 sample graphics configuration
)
Package graphics Info: Driver file: luatex.def on input line 99.

("C:/Users/pc1/AppData/Local/Programs/MiKTeX 2.9/tex/latex/graphics-def/luatex.
def"
File: luatex.def 2017/01/12 v0.01h Graphics/Color for luaTeX

("C:/Users/pc1/AppData/Local/Programs/MiKTeX 2.9/tex/generic/oberdiek/infwarerr
.sty"
Package: infwarerr 2016/05/16 v1.4 Providing info/warning/error messages (HO)
)
("C:/Users/pc1/AppData/Local/Programs/MiKTeX 2.9/tex/generic/oberdiek/ltxcmds.s
ty"
Package: ltxcmds 2016/05/16 v1.23 LaTeX kernel commands for general use (HO)
)
\Gread@gobject=\count99
))
\Gin@req@height=\dimen112
\Gin@req@width=\dimen113
) (./document.aux)
\openout1 = document.aux

LaTeX Font Info:    Checking defaults for OML/cmm/m/it on input line 16.
LaTeX Font Info:    ... okay on input line 16.
LaTeX Font Info:    Checking defaults for T1/cmr/m/n on input line 16.
LaTeX Font Info:    ... okay on input line 16.
LaTeX Font Info:    Checking defaults for OT1/cmr/m/n on input line 16.
LaTeX Font Info:    ... okay on input line 16.
LaTeX Font Info:    Checking defaults for OMS/cmsy/m/n on input line 16.
LaTeX Font Info:    ... okay on input line 16.
LaTeX Font Info:    Checking defaults for TU/lmr/m/n on input line 16.
LaTeX Font Info:    ... okay on input line 16.
LaTeX Font Info:    Checking defaults for OMX/cmex/m/n on input line 16.
LaTeX Font Info:    ... okay on input line 16.
LaTeX Font Info:    Checking defaults for U/cmr/m/n on input line 16.
LaTeX Font Info:    ... okay on input line 16.

("C:/Users/pc1/AppData/Local/Programs/MiKTeX 2.9/tex/context/base/supp-pdf.mkii
"
[Loading MPS to PDF converter (version 2006.09.02).]
\scratchcounter=\count100
\scratchdimen=\dimen114
\scratchbox=\box28
\nofMPsegments=\count101
\nofMParguments=\count102
\everyMPshowfont=\toks21
\MPscratchCnt=\count103
\MPscratchDim=\dimen115
\MPnumerator=\count104
\makeMPintoPDFobject=\count105
\everyMPtoPDFconversion=\toks22
)
("C:/Users/pc1/AppData/Local/Programs/MiKTeX 2.9/tex/latex/oberdiek/epstopdf-ba
se.sty"
Package: epstopdf-base 2016/05/15 v2.6 Base part for package epstopdf

("C:/Users/pc1/AppData/Local/Programs/MiKTeX 2.9/tex/latex/oberdiek/grfext.sty"
Package: grfext 2016/05/16 v1.2 Manage graphics extensions (HO)

("C:/Users/pc1/AppData/Local/Programs/MiKTeX 2.9/tex/generic/oberdiek/kvdefinek
eys.sty"
Package: kvdefinekeys 2016/05/16 v1.4 Define keys (HO)
))
("C:/Users/pc1/AppData/Local/Programs/MiKTeX 2.9/tex/latex/oberdiek/kvoptions.s
ty"
Package: kvoptions 2016/05/16 v3.12 Key value format for package options (HO)

("C:/Users/pc1/AppData/Local/Programs/MiKTeX 2.9/tex/generic/oberdiek/kvsetkeys
.sty"
Package: kvsetkeys 2016/05/16 v1.17 Key value parser (HO)

("C:/Users/pc1/AppData/Local/Programs/MiKTeX 2.9/tex/generic/oberdiek/etexcmds.
sty"
Package: etexcmds 2016/05/16 v1.6 Avoid name clashes with e-TeX commands (HO)

("C:/Users/pc1/AppData/Local/Programs/MiKTeX 2.9/tex/generic/oberdiek/ifluatex.
sty"
Package: ifluatex 2016/05/16 v1.4 Provides the ifluatex switch (HO)
Package ifluatex Info: LuaTeX detected.
))))
("C:/Users/pc1/AppData/Local/Programs/MiKTeX 2.9/tex/generic/oberdiek/pdftexcmd
s.sty"
Package: pdftexcmds 2017/03/19 v0.25 Utility functions of pdfTeX for LuaTeX (HO)


("C:/Users/pc1/AppData/Local/Programs/MiKTeX 2.9/tex/generic/oberdiek/ifpdf.sty
"
Package: ifpdf 2017/03/15 v3.2 Provides the ifpdf switch
)
Package pdftexcmds Info: \pdf@primitive is available.
Package pdftexcmds Info: \pdf@ifprimitive is available.
Package pdftexcmds Info: \pdfdraftmode found.
\pdftexcmds@toks=\toks23
)
Package epstopdf-base Info: Redefining graphics rule for `.eps' on input line 43
8.
Package grfext Info: Graphics extension search list:
(grfext)             [.png,.pdf,.jpg,.mps,.jpeg,.jbig2,.jb2,.PNG,.PDF,.JPG,.JPEG
,.JBIG2,.JB2,.eps]
(grfext)             \AppendGraphicsExtensions on input line 456.
)(load luc: C:/Users/pc1/AppData/Local/MiKTeX/2.9/luatex-cache/generic/fonts/otl
/lmroman17-regular.luc)(load luc: C:/Users/pc1/AppData/Local/MiKTeX/2.9/luatex-c
ache/generic/fonts/otl/lmroman9-regular.luc)(load luc: C:/Users/pc1/AppData/Loca
l/MiKTeX/2.9/luatex-cache/generic/fonts/otl/lmroman12-regular.luc)
LaTeX Font Info:    Try loading font information for U+msa on input line 17.

("C:/Users/pc1/AppData/Local/Programs/MiKTeX 2.9/tex/latex/amsfonts/umsa.fd"
File: umsa.fd 2013/01/14 v3.01 AMS symbols A
)
LaTeX Font Info:    Try loading font information for U+msb on input line 17.

("C:/Users/pc1/AppData/Local/Programs/MiKTeX 2.9/tex/latex/amsfonts/umsb.fd"
File: umsb.fd 2013/01/14 v3.01 AMS symbols B
)(load luc: C:/Users/pc1/AppData/Local/MiKTeX/2.9/luatex-cache/generic/fonts/otl
/lmroman12-bold.luc)(load luc: C:/Users/pc1/AppData/Local/MiKTeX/2.9/luatex-cach
e/generic/fonts/otl/lmroman10-bold.luc) [1

{C:/Users/pc1/AppData/Local/MiKTeX/2.9/pdftex/config/pdftex.map}] [2] [3]
Overfull \hbox (54.97491pt too wide) in paragraph at lines 160--161
[]$\OML/cmm/m/it/10 Q[] \OT1/cmr/m/n/10 = \OML/cmm/m/it/10 median\OT1/cmr/m/n/1
0 (\OML/cmm/m/it/10 Low; High\OT1/cmr/m/n/10 )$\TU/lmr/m/n/10 , $\OML/cmm/m/it/
10 Q[] \OT1/cmr/m/n/10 = \OML/cmm/m/it/10 median\OT1/cmr/m/n/10 (\OML/cmm/m/it/
10 Low; Q[]\OT1/cmr/m/n/10 )$\TU/lmr/m/n/10 , $\OML/cmm/m/it/10 Q[] \OT1/cmr/m/
n/10 = \OML/cmm/m/it/10 median\OT1/cmr/m/n/10 (\OML/cmm/m/it/10 Q[]; High\OT1/c
mr/m/n/10 )$ 
 []

[4] (./document.aux))

Here is how much of LuaTeX's memory you used:
 2546 strings out of 494481
 100000,106986 words of node,token memory allocated
 434 words of node memory still in use:
   5 hlist, 2 vlist, 2 rule, 2 glue, 1 kern, 6 attribute, 49 glue_spec, 6 attrib
ute_list, 1 write nodes
   avail lists: 2:389,3:118,4:4,5:158,6:1263,7:614,8:46,9:187,10:3,11:104
 6525 multiletter control sequences out of 65536+200000
 57 fonts using 3746695 bytes
 37i,7n,26p,259b,327s stack positions out of 5000i,500n,10000p,200000b,50000s
<c:/users/pc1/appdata/local/programs/miktex 2.9/fonts/opentype/public/lm/lmroman
10-bold.otf><c:/users/pc1/appdata/local/programs/miktex 2.9/fonts/opentype/publi
c/lm/lmroman10-regular.otf><c:/users/pc1/appdata/local/programs/miktex 2.9/fonts
/opentype/public/lm/lmroman12-bold.otf><c:/users/pc1/appdata/local/programs/mikt
ex 2.9/fonts/opentype/public/lm/lmroman12-regular.otf><c:/users/pc1/appdata/loca
l/programs/miktex 2.9/fonts/opentype/public/lm/lmroman9-regular.otf><c:/users/pc
1/appdata/local/programs/miktex 2.9/fonts/opentype/public/lm/lmroman17-regular.o
tf><C:/Users/pc1/AppData/Local/Programs/MiKTeX 2.9/fonts/type1/public/amsfonts/c
m/cmex10.pfb><C:/Users/pc1/AppData/Local/Programs/MiKTeX 2.9/fonts/type1/public/
amsfonts/cmextra/cmex7.pfb><C:/Users/pc1/AppData/Local/Programs/MiKTeX 2.9/fonts
/type1/public/amsfonts/cm/cmmi10.pfb><C:/Users/pc1/AppData/Local/Programs/MiKTeX
 2.9/fonts/type1/public/amsfonts/cm/cmmi5.pfb><C:/Users/pc1/AppData/Local/Progra
ms/MiKTeX 2.9/fonts/type1/public/amsfonts/cm/cmmi7.pfb><C:/Users/pc1/AppData/Loc
al/Programs/MiKTeX 2.9/fonts/type1/public/amsfonts/cm/cmr10.pfb><C:/Users/pc1/Ap
pData/Local/Programs/MiKTeX 2.9/fonts/type1/public/amsfonts/cm/cmr5.pfb><C:/User
s/pc1/AppData/Local/Programs/MiKTeX 2.9/fonts/type1/public/amsfonts/cm/cmr7.pfb>
<C:/Users/pc1/AppData/Local/Programs/MiKTeX 2.9/fonts/type1/public/amsfonts/cm/c
msy10.pfb><C:/Users/pc1/AppData/Local/Programs/MiKTeX 2.9/fonts/type1/public/ams
fonts/cm/cmsy7.pfb>
Output written on document.pdf (4 pages, 125482 bytes).

PDF statistics: 97 PDF objects out of 1000 (max. 8388607)
 0 named destinations out of 1000 (max. 131072)
 1 words of extra memory for PDF output out of 10000 (max. 100000000)

